<?xml version="1.0" encoding="UTF-8" standalone="no"?>
<testsuite errors="0" failures="1" name="io.cucumber.core.plugin.JUnitFormatter" skipped="0" tests="1" time="8.534">
    <testcase classname="Event Module UI Tests" name="Test Case 5 User should be able to create new event if fills all required fields" time="8.133">
        <failure message="element not interactable&#10;  (Session info: chrome=108.0.5359.125)&#10;Build info: version: '4.1.4', revision: '535d840ee2'&#10;System info: host: 'LENOVO', ip: '192.168.1.34', os.name: 'Windows 10', os.arch: 'amd64', os.version: '10.0', java.version: '11.0.15'&#10;Driver info: org.openqa.selenium.chrome.ChromeDriver&#10;Command: [8c0037b5791642df8b43065a50b45e56, sendKeysToElement {id=09217124-73b9-4d55-870f-4130fb9f010f, value=[Ljava.lang.CharSequence;@5dd747c1}]&#10;Capabilities {acceptInsecureCerts: false, browserName: chrome, browserVersion: 108.0.5359.125, chrome: {chromedriverVersion: 108.0.5359.71 (1e0e3868ee06..., userDataDir: C:\Users\user\AppData\Local...}, goog:chromeOptions: {debuggerAddress: localhost:59561}, javascriptEnabled: true, networkConnectionEnabled: false, pageLoadStrategy: normal, platform: WINDOWS, platformName: WINDOWS, proxy: Proxy(), se:cdp: ws://localhost:59561/devtoo..., se:cdpVersion: 108.0.5359.125, setWindowRect: true, strictFileInteractability: false, timeouts: {implicit: 0, pageLoad: 300000, script: 30000}, unhandledPromptBehavior: dismiss and notify, webauthn:extension:credBlob: true, webauthn:extension:largeBlob: true, webauthn:virtualAuthenticators: true}&#10;Element: [[ChromeDriver: chrome on WINDOWS (8c0037b5791642df8b43065a50b45e56)] -&gt; xpath: //tbody//td[2]]&#10;Session ID: 8c0037b5791642df8b43065a50b45e56" type="org.openqa.selenium.ElementNotInteractableException">
            <![CDATA[Given user goes to url......................................................passed
When user enter valid username and valid password...........................passed
Then user clicks create event button and sees create event form.............passed
And user fills "Welcome 2023" "New Year Celebration" and "31/12/2022" fields.passed
Then user fills participants informations for 10 participants and click the Create New Event button.failed
Then user should be able to redirect to dashboard page and sees "Event created successfully" message.skipped

StackTrace:
org.openqa.selenium.ElementNotInteractableException: element not interactable
  (Session info: chrome=108.0.5359.125)
Build info: version: '4.1.4', revision: '535d840ee2'
System info: host: 'LENOVO', ip: '192.168.1.34', os.name: 'Windows 10', os.arch: 'amd64', os.version: '10.0', java.version: '11.0.15'
Driver info: org.openqa.selenium.chrome.ChromeDriver
Command: [8c0037b5791642df8b43065a50b45e56, sendKeysToElement {id=09217124-73b9-4d55-870f-4130fb9f010f, value=[Ljava.lang.CharSequence;@5dd747c1}]
Capabilities {acceptInsecureCerts: false, browserName: chrome, browserVersion: 108.0.5359.125, chrome: {chromedriverVersion: 108.0.5359.71 (1e0e3868ee06..., userDataDir: C:\Users\user\AppData\Local...}, goog:chromeOptions: {debuggerAddress: localhost:59561}, javascriptEnabled: true, networkConnectionEnabled: false, pageLoadStrategy: normal, platform: WINDOWS, platformName: WINDOWS, proxy: Proxy(), se:cdp: ws://localhost:59561/devtoo..., se:cdpVersion: 108.0.5359.125, setWindowRect: true, strictFileInteractability: false, timeouts: {implicit: 0, pageLoad: 300000, script: 30000}, unhandledPromptBehavior: dismiss and notify, webauthn:extension:credBlob: true, webauthn:extension:largeBlob: true, webauthn:virtualAuthenticators: true}
Element: [[ChromeDriver: chrome on WINDOWS (8c0037b5791642df8b43065a50b45e56)] -> xpath: //tbody//td[2]]
Session ID: 8c0037b5791642df8b43065a50b45e56
	at java.base/jdk.internal.reflect.NativeConstructorAccessorImpl.newInstance0(Native Method)
	at java.base/jdk.internal.reflect.NativeConstructorAccessorImpl.newInstance(NativeConstructorAccessorImpl.java:62)
	at java.base/jdk.internal.reflect.DelegatingConstructorAccessorImpl.newInstance(DelegatingConstructorAccessorImpl.java:45)
	at java.base/java.lang.reflect.Constructor.newInstance(Constructor.java:490)
	at org.openqa.selenium.remote.codec.w3c.W3CHttpResponseCodec.createException(W3CHttpResponseCodec.java:200)
	at org.openqa.selenium.remote.codec.w3c.W3CHttpResponseCodec.decode(W3CHttpResponseCodec.java:133)
	at org.openqa.selenium.remote.codec.w3c.W3CHttpResponseCodec.decode(W3CHttpResponseCodec.java:53)
	at org.openqa.selenium.remote.HttpCommandExecutor.execute(HttpCommandExecutor.java:184)
	at org.openqa.selenium.remote.service.DriverCommandExecutor.invokeExecute(DriverCommandExecutor.java:167)
	at org.openqa.selenium.remote.service.DriverCommandExecutor.execute(DriverCommandExecutor.java:142)
	at org.openqa.selenium.remote.RemoteWebDriver.execute(RemoteWebDriver.java:567)
	at org.openqa.selenium.remote.RemoteWebElement.execute(RemoteWebElement.java:251)
	at org.openqa.selenium.remote.RemoteWebElement.sendKeys(RemoteWebElement.java:107)
	at stepDefinitions.PitonStepDefinitions.userFillsParticipantsInformationsForParticipantsAndClickTheCreateNewEventButton(PitonStepDefinitions.java:103)
	at âœ½.user fills participants informations for 10 participants and click the Create New Event button(file:///C:/Users/user/IdeaProjects/pitonE2Eassesment/src/test/resources/features/EventModule.feature:44)
]]>
        </failure>
    </testcase>
</testsuite>
